INFO:root:Lista de tareas de tamaño 2 fue de vuelta de la base de datos
INFO:root:Lista de tareas de tamaño 2 fue de vuelta de la base de datos
INFO:root:Lista de tareas de tamaño 2 fue de vuelta de la base de datos
INFO:root:Lista de tareas de tamaño 2 fue de vuelta de la base de datos
INFO:root:Lista de tareas de tamaño 2 fue de vuelta de la base de datos
INFO:root:Lista de tareas de tamaño 2 fue de vuelta de la base de datos
INFO:root:Lista de tareas de tamaño 2 fue de vuelta de la base de datos
INFO:root:Lista de tareas de tamaño 2 fue de vuelta de la base de datos
INFO:root:Lista de tareas de tamaño 2 fue de vuelta de la base de datos
INFO:root:Lista de tareas de tamaño 2 fue de vuelta de la base de datos
INFO:root:Lista de tareas de tamaño 2 fue de vuelta de la base de datos
INFO:root:Lista de tareas de tamaño 2 fue de vuelta de la base de datos
INFO:root:Lista de tareas de tamaño 2 fue de vuelta de la base de datos
INFO:root:Lista de tareas de tamaño 2 fue de vuelta de la base de datos
INFO:root:Lista de tareas de tamaño 2 fue de vuelta de la base de datos
INFO:root:Lista de tareas de tamaño 2 fue de vuelta de la base de datos
INFO:root:Lista de tareas de tamaño 2 fue de vuelta de la base de datos
INFO:root:Lista de tareas de tamaño 2 fue de vuelta de la base de datos
INFO:root:Lista de tareas de tamaño 2 fue de vuelta de la base de datos
INFO:root:Lista de tareas de tamaño 2 fue de vuelta de la base de datos
INFO:root:Lista de tareas de tamaño 2 fue de vuelta de la base de datos
INFO:root:Lista de tareas de tamaño 2 fue de vuelta de la base de datos
INFO:root:Lista de tareas de tamaño 2 fue de vuelta de la base de datos
INFO:root:Lista de tareas de tamaño 2 fue de vuelta de la base de datos
INFO:root:Lista de tareas de tamaño 2 fue de vuelta de la base de datos
INFO:root:Lista de tareas de tamaño 2 fue de vuelta de la base de datos
INFO:root:Lista de tareas de tamaño 2 fue de vuelta de la base de datos
INFO:root:Lista de tareas de tamaño 2 fue de vuelta de la base de datos
INFO:root:Lista de tareas de tamaño 2 fue de vuelta de la base de datos
INFO:root:Lista de tareas de tamaño 2 fue de vuelta de la base de datos
INFO:root:Lista de tareas de tamaño 2 fue de vuelta de la base de datos
INFO:root:Lista de tareas de tamaño 2 fue de vuelta de la base de datos
INFO:root:Lista de tareas de tamaño 2 fue de vuelta de la base de datos
INFO:root:Lista de tareas de tamaño 2 fue de vuelta de la base de datos
INFO:root:Lista de tareas de tamaño 2 fue de vuelta de la base de datos
INFO:root:Lista de tareas de tamaño 2 fue de vuelta de la base de datos
INFO:root:Lista de tareas de tamaño 2 fue de vuelta de la base de datos
INFO:root:Lista de tareas de tamaño 2 fue de vuelta de la base de datos
INFO:root:Lista de tareas de tamaño 2 fue de vuelta de la base de datos
INFO:root:Lista de tareas de tamaño 2 fue de vuelta de la base de datos
INFO:root:Lista de tareas de tamaño 2 fue de vuelta de la base de datos
INFO:root:Lista de tareas de tamaño 2 fue de vuelta de la base de datos
INFO:root:Lista de tareas de tamaño 2 fue de vuelta de la base de datos
INFO:root:Lista de tareas de tamaño 2 fue de vuelta de la base de datos
INFO:root:Lista de tareas de tamaño 2 fue de vuelta de la base de datos
INFO:root:Lista de tareas de tamaño 2 fue de vuelta de la base de datos
INFO:root:Lista de tareas de tamaño 2 fue de vuelta de la base de datos
INFO:root:Lista de tareas de tamaño 2 fue de vuelta de la base de datos
INFO:root:Lista de tareas de tamaño 2 fue de vuelta de la base de datos
INFO:root:Lista de tareas de tamaño 3 fue de vuelta de la base de datos
INFO:root:Lista de tareas de tamaño 3 fue de vuelta de la base de datos
INFO:root:Lista de tareas de tamaño 3 fue de vuelta de la base de datos
INFO:root:Lista de tareas de tamaño 3 fue de vuelta de la base de datos
INFO:root:Lista de tareas de tamaño 3 fue de vuelta de la base de datos
INFO:root:Lista de tareas de tamaño 3 fue de vuelta de la base de datos
INFO:root:Lista de tareas de tamaño 3 fue de vuelta de la base de datos
INFO:root:Lista de tareas de tamaño 3 fue de vuelta de la base de datos
INFO:root:Lista de tareas de tamaño 3 fue de vuelta de la base de datos
INFO:root:Lista de tareas de tamaño 3 fue de vuelta de la base de datos
INFO:root:Lista de tareas de tamaño 3 fue de vuelta de la base de datos
INFO:root:Lista de tareas de tamaño 3 fue de vuelta de la base de datos
INFO:root:Lista de tareas de tamaño 3 fue de vuelta de la base de datos
INFO:root:Lista de tareas de tamaño 3 fue de vuelta de la base de datos
INFO:root:Lista de tareas de tamaño 3 fue de vuelta de la base de datos
INFO:root:Lista de tareas de tamaño 3 fue de vuelta de la base de datos
INFO:root:Lista de tareas de tamaño 3 fue de vuelta de la base de datos
INFO:root:Lista de tareas de tamaño 3 fue de vuelta de la base de datos
INFO:root:Lista de tareas de tamaño 3 fue de vuelta de la base de datos
INFO:root:Lista de tareas de tamaño 3 fue de vuelta de la base de datos
INFO:root:Lista de tareas de tamaño 3 fue de vuelta de la base de datos
INFO:root:Lista de tareas de tamaño 3 fue de vuelta de la base de datos
INFO:root:Lista de tareas de tamaño 3 fue de vuelta de la base de datos
INFO:root:Lista de tareas de tamaño 3 fue de vuelta de la base de datos
INFO:root:Lista de tareas de tamaño 3 fue de vuelta de la base de datos
INFO:root:Lista de tareas de tamaño 3 fue de vuelta de la base de datos
INFO:root:Lista de tareas de tamaño 3 fue de vuelta de la base de datos
INFO:root:Lista de tareas de tamaño 3 fue de vuelta de la base de datos
INFO:root:Lista de tareas de tamaño 3 fue de vuelta de la base de datos
INFO:root:Lista de tareas de tamaño 3 fue de vuelta de la base de datos
INFO:root:Lista de tareas de tamaño 3 fue de vuelta de la base de datos
INFO:root:Lista de tareas de tamaño 3 fue de vuelta de la base de datos
INFO:root:Lista de tareas de tamaño 3 fue de vuelta de la base de datos
INFO:root:Lista de tareas de tamaño 3 fue de vuelta de la base de datos
INFO:root:Lista de tareas de tamaño 3 fue de vuelta de la base de datos
INFO:root:Lista de tareas de tamaño 3 fue de vuelta de la base de datos
INFO:root:Creada la tarea con id 4
INFO:root:Agrego el registro con el id 4
INFO:root:Creada la tarea con id 5
INFO:root:Agrego el registro con el id 5
INFO:root:Creada la tarea con id 6
INFO:root:Agrego el registro con el id 6
INFO:root:Creada la tarea con id 7
INFO:root:Agrego el registro con el id 7
INFO:root:Lista de tareas de tamaño 7 fue de vuelta de la base de datos
INFO:root:Creada la tarea con id 8
INFO:root:Agrego el registro con el id 8
INFO:root:Lista de tareas de tamaño 8 fue de vuelta de la base de datos
INFO:root:Creada la tarea con id 9
INFO:root:Agrego el registro con el id 9
INFO:root:Lista de tareas de tamaño 9 fue de vuelta de la base de datos
INFO:root:Creada la tarea con id 10
INFO:root:Agrego el registro con el id 10
INFO:root:Lista de tareas de tamaño 10 fue de vuelta de la base de datos
INFO:root:Creada la tarea con id 11
INFO:root:Agrego el registro con el id 11
INFO:root:Lista de tareas de tamaño 11 fue de vuelta de la base de datos
INFO:root:Creada la tarea con id 12
INFO:root:Agrego el registro con el id 12
INFO:root:Creada la tarea con id 13
INFO:root:Agrego el registro con el id 13
INFO:root:Lista de tareas de tamaño 13 fue de vuelta de la base de datos
INFO:root:Creada la tarea con id 14
INFO:root:Agrego el registro con el id 14
INFO:root:Creada la tarea con id 15
INFO:root:Agrego el registro con el id 15
INFO:root:Lista de tareas de tamaño 15 fue de vuelta de la base de datos
INFO:root:Lista de tareas de tamaño 15 fue de vuelta de la base de datos
INFO:root:Creada la tarea con id 16
INFO:root:Agrego el registro con el id 16
INFO:root:Creada la tarea con id 17
INFO:root:Agrego el registro con el id 17
INFO:root:Creada la tarea con id 18
INFO:root:Agrego el registro con el id 18
INFO:root:Lista de tareas de tamaño 18 fue de vuelta de la base de datos
INFO:root:Lista de tareas de tamaño 18 fue de vuelta de la base de datos
INFO:root:Creada la tarea con id 19
INFO:root:Agrego el registro con el id 19
INFO:root:Lista de tareas de tamaño 19 fue de vuelta de la base de datos
INFO:root:Lista de tareas de tamaño 19 fue de vuelta de la base de datos
INFO:root:Creada la tarea con id 20
INFO:root:Agrego el registro con el id 20
INFO:root:Lista de tareas de tamaño 20 fue de vuelta de la base de datos
INFO:root:Lista de tareas de tamaño 20 fue de vuelta de la base de datos
INFO:root:Creada la tarea con id 21
INFO:root:Agrego el registro con el id 21
INFO:root:Lista de tareas de tamaño 21 fue de vuelta de la base de datos
INFO:root:Creada la tarea con id 22
INFO:root:Agrego el registro con el id 22
INFO:root:Creada la tarea con id 23
INFO:root:Agrego el registro con el id 23
INFO:root:Lista de tareas de tamaño 23 fue de vuelta de la base de datos
INFO:root:Lista de tareas de tamaño 23 fue de vuelta de la base de datos
INFO:root:Creada la tarea con id 24
INFO:root:Agrego el registro con el id 24
INFO:root:Lista de tareas de tamaño 24 fue de vuelta de la base de datos
INFO:root:Lista de tareas de tamaño 24 fue de vuelta de la base de datos
INFO:root:Creada la tarea con id 25
INFO:root:Agrego el registro con el id 25
INFO:root:Lista de tareas de tamaño 25 fue de vuelta de la base de datos
INFO:root:Creada la tarea con id 26
INFO:root:Agrego el registro con el id 26
INFO:root:Lista de tareas de tamaño 26 fue de vuelta de la base de datos
INFO:root:Creada la tarea con id 27
INFO:root:Agrego el registro con el id 27
INFO:root:Lista de tareas de tamaño 27 fue de vuelta de la base de datos
INFO:root:Creada la tarea con id 28
INFO:root:Agrego el registro con el id 28
INFO:root:Lista de tareas de tamaño 28 fue de vuelta de la base de datos
INFO:root:Creada la tarea con id 29
INFO:root:Agrego el registro con el id 29
INFO:root:Creada la tarea con id 30
INFO:root:Agrego el registro con el id 30
INFO:root:Creada la tarea con id 31
INFO:root:Agrego el registro con el id 31
INFO:root:Creada la tarea con id 32
INFO:root:Agrego el registro con el id 32
INFO:root:Creada la tarea con id 33
INFO:root:Agrego el registro con el id 33
INFO:root:Creada la tarea con id 34
INFO:root:Agrego el registro con el id 34
INFO:root:Creada la tarea con id 35
INFO:root:Agrego el registro con el id 35
INFO:root:Creada la tarea con id 36
INFO:root:Agrego el registro con el id 36
INFO:root:Lista de tareas de tamaño 36 fue de vuelta de la base de datos
INFO:root:Lista de tareas de tamaño 36 fue de vuelta de la base de datos
INFO:root:Creada la tarea con id 37
INFO:root:Agrego el registro con el id 37
INFO:root:Lista de tareas de tamaño 37 fue de vuelta de la base de datos
INFO:root:Lista de tareas de tamaño 37 fue de vuelta de la base de datos
INFO:root:Creada la tarea con id 38
INFO:root:Agrego el registro con el id 38
INFO:root:Lista de tareas de tamaño 20 fue de vuelta de la base de datos
INFO:root:Lista de tareas de tamaño 20 fue de vuelta de la base de datos
INFO:root:Creada la tarea con id 39
INFO:root:Agrego el registro con el id 39
INFO:root:Creada la tarea con id 40
INFO:root:Agrego el registro con el id 40
INFO:root:Lista de tareas de tamaño 22 fue de vuelta de la base de datos
INFO:root:Lista de tareas de tamaño 0 fue de vuelta de la base de datos
INFO:root:Creada la tarea con id 41
INFO:root:Agrego el registro con el id 41
INFO:root:Lista de tareas de tamaño 1 fue de vuelta de la base de datos
INFO:root:Lista de tareas de tamaño 1 fue de vuelta de la base de datos
INFO:root:Creada la tarea con id 42
INFO:root:Agrego el registro con el id 42
INFO:root:Lista de tareas de tamaño 2 fue de vuelta de la base de datos
INFO:root:Lista de tareas de tamaño 2 fue de vuelta de la base de datos
INFO:root:Creada la tarea con id 43
INFO:root:Agrego el registro con el id 43
INFO:root:Lista de tareas de tamaño 3 fue de vuelta de la base de datos
INFO:root:Creada la tarea con id 44
INFO:root:Agrego el registro con el id 44
INFO:root:Lista de tareas de tamaño 4 fue de vuelta de la base de datos
INFO:root:Lista de tareas de tamaño 4 fue de vuelta de la base de datos
INFO:root:Lista de tareas de tamaño 4 fue de vuelta de la base de datos
INFO:root:Lista de tareas de tamaño 4 fue de vuelta de la base de datos
INFO:root:Lista de tareas de tamaño 4 fue de vuelta de la base de datos
INFO:root:Creada la tarea con id 45
INFO:root:Agrego el registro con el id 45
INFO:root:Lista de tareas de tamaño 5 fue de vuelta de la base de datos
INFO:root:Lista de tareas de tamaño 5 fue de vuelta de la base de datos
INFO:root:Lista de tareas de tamaño 5 fue de vuelta de la base de datos
INFO:root:Creada la tarea con id 46
INFO:root:Agrego el registro con el id 46
INFO:root:Lista de tareas de tamaño 6 fue de vuelta de la base de datos
INFO:root:Lista de tareas de tamaño 6 fue de vuelta de la base de datos
INFO:root:Lista de tareas de tamaño 6 fue de vuelta de la base de datos
INFO:root:Lista de tareas de tamaño 6 fue de vuelta de la base de datos
INFO:root:Lista de tareas de tamaño 6 fue de vuelta de la base de datos
INFO:root:Lista de tareas de tamaño 6 fue de vuelta de la base de datos
INFO:root:Lista de tareas de tamaño 6 fue de vuelta de la base de datos
INFO:root:Lista de tareas de tamaño 6 fue de vuelta de la base de datos
INFO:root:Lista de tareas de tamaño 6 fue de vuelta de la base de datos
INFO:root:Lista de tareas de tamaño 6 fue de vuelta de la base de datos
INFO:root:Lista de tareas de tamaño 6 fue de vuelta de la base de datos
INFO:root:Lista de tareas de tamaño 6 fue de vuelta de la base de datos
INFO:root:Lista de tareas de tamaño 6 fue de vuelta de la base de datos
INFO:root:Lista de tareas de tamaño 6 fue de vuelta de la base de datos
INFO:root:Lista de tareas de tamaño 6 fue de vuelta de la base de datos
INFO:root:Lista de tareas de tamaño 6 fue de vuelta de la base de datos
INFO:root:Lista de tareas de tamaño 6 fue de vuelta de la base de datos
INFO:root:Lista de tareas de tamaño 6 fue de vuelta de la base de datos
INFO:root:Lista de tareas de tamaño 6 fue de vuelta de la base de datos
INFO:root:Lista de tareas de tamaño 6 fue de vuelta de la base de datos
INFO:root:Lista de tareas de tamaño 6 fue de vuelta de la base de datos
INFO:root:Lista de tareas de tamaño 6 fue de vuelta de la base de datos
INFO:root:Lista de tareas de tamaño 6 fue de vuelta de la base de datos
INFO:root:Lista de tareas de tamaño 6 fue de vuelta de la base de datos
INFO:root:Lista de tareas de tamaño 6 fue de vuelta de la base de datos
INFO:root:Lista de tareas de tamaño 6 fue de vuelta de la base de datos
INFO:root:Lista de tareas de tamaño 6 fue de vuelta de la base de datos
INFO:root:Lista de tareas de tamaño 6 fue de vuelta de la base de datos
INFO:root:Lista de tareas de tamaño 6 fue de vuelta de la base de datos
INFO:root:Lista de tareas de tamaño 6 fue de vuelta de la base de datos
INFO:root:Lista de tareas de tamaño 6 fue de vuelta de la base de datos
INFO:root:Lista de tareas de tamaño 6 fue de vuelta de la base de datos
INFO:root:Lista de tareas de tamaño 6 fue de vuelta de la base de datos
INFO:root:Lista de tareas de tamaño 6 fue de vuelta de la base de datos
INFO:root:Lista de tareas de tamaño 6 fue de vuelta de la base de datos
INFO:root:Lista de tareas de tamaño 6 fue de vuelta de la base de datos
INFO:root:Lista de tareas de tamaño 6 fue de vuelta de la base de datos
INFO:root:Lista de tareas de tamaño 6 fue de vuelta de la base de datos
INFO:root:Lista de tareas de tamaño 6 fue de vuelta de la base de datos
INFO:root:Lista de tareas de tamaño 6 fue de vuelta de la base de datos
INFO:root:Lista de tareas de tamaño 6 fue de vuelta de la base de datos
INFO:root:Lista de tareas de tamaño 6 fue de vuelta de la base de datos
INFO:root:Lista de tareas de tamaño 6 fue de vuelta de la base de datos
INFO:root:Lista de tareas de tamaño 6 fue de vuelta de la base de datos
INFO:root:Lista de tareas de tamaño 6 fue de vuelta de la base de datos
INFO:root:Lista de tareas de tamaño 6 fue de vuelta de la base de datos
INFO:root:Lista de tareas de tamaño 6 fue de vuelta de la base de datos
INFO:root:Lista de tareas de tamaño 6 fue de vuelta de la base de datos
INFO:root:Lista de tareas de tamaño 6 fue de vuelta de la base de datos
INFO:root:Lista de tareas de tamaño 6 fue de vuelta de la base de datos
INFO:root:Lista de tareas de tamaño 6 fue de vuelta de la base de datos
INFO:root:Lista de tareas de tamaño 6 fue de vuelta de la base de datos
INFO:root:Lista de tareas de tamaño 6 fue de vuelta de la base de datos
INFO:root:Lista de tareas de tamaño 6 fue de vuelta de la base de datos
INFO:root:Lista de tareas de tamaño 6 fue de vuelta de la base de datos
INFO:root:Lista de tareas de tamaño 6 fue de vuelta de la base de datos
INFO:root:Lista de tareas de tamaño 6 fue de vuelta de la base de datos
INFO:root:Lista de tareas de tamaño 6 fue de vuelta de la base de datos
INFO:root:Lista de tareas de tamaño 6 fue de vuelta de la base de datos
INFO:root:Lista de tareas de tamaño 6 fue de vuelta de la base de datos
INFO:root:Lista de tareas de tamaño 6 fue de vuelta de la base de datos
INFO:root:Lista de tareas de tamaño 6 fue de vuelta de la base de datos
INFO:root:Lista de tareas de tamaño 6 fue de vuelta de la base de datos
INFO:root:Lista de tareas de tamaño 6 fue de vuelta de la base de datos
INFO:root:Lista de tareas de tamaño 6 fue de vuelta de la base de datos
INFO:root:Lista de tareas de tamaño 6 fue de vuelta de la base de datos
INFO:root:Lista de tareas de tamaño 6 fue de vuelta de la base de datos
INFO:root:Lista de tareas de tamaño 6 fue de vuelta de la base de datos
INFO:root:Lista de tareas de tamaño 6 fue de vuelta de la base de datos
INFO:root:Lista de tareas de tamaño 6 fue de vuelta de la base de datos
INFO:root:Lista de tareas de tamaño 6 fue de vuelta de la base de datos
INFO:root:Lista de tareas de tamaño 6 fue de vuelta de la base de datos
INFO:root:Lista de tareas de tamaño 6 fue de vuelta de la base de datos
INFO:root:Lista de tareas de tamaño 6 fue de vuelta de la base de datos
INFO:root:Lista de tareas de tamaño 6 fue de vuelta de la base de datos
INFO:root:Lista de tareas de tamaño 6 fue de vuelta de la base de datos
INFO:root:Lista de tareas de tamaño 6 fue de vuelta de la base de datos
INFO:root:Lista de tareas de tamaño 6 fue de vuelta de la base de datos
INFO:root:Lista de tareas de tamaño 6 fue de vuelta de la base de datos
INFO:root:Lista de tareas de tamaño 6 fue de vuelta de la base de datos
INFO:root:Lista de tareas de tamaño 6 fue de vuelta de la base de datos
INFO:root:Lista de tareas de tamaño 6 fue de vuelta de la base de datos
INFO:root:Lista de tareas de tamaño 6 fue de vuelta de la base de datos
INFO:root:Lista de tareas de tamaño 6 fue de vuelta de la base de datos
INFO:root:Lista de tareas de tamaño 6 fue de vuelta de la base de datos
INFO:root:Lista de tareas de tamaño 6 fue de vuelta de la base de datos
INFO:root:Lista de tareas de tamaño 6 fue de vuelta de la base de datos
INFO:root:Lista de tareas de tamaño 6 fue de vuelta de la base de datos
INFO:root:Lista de tareas de tamaño 6 fue de vuelta de la base de datos
INFO:root:Lista de tareas de tamaño 6 fue de vuelta de la base de datos
INFO:root:Lista de tareas de tamaño 6 fue de vuelta de la base de datos
INFO:root:Lista de tareas de tamaño 6 fue de vuelta de la base de datos
INFO:root:Lista de tareas de tamaño 6 fue de vuelta de la base de datos
INFO:root:Lista de tareas de tamaño 6 fue de vuelta de la base de datos
INFO:root:Lista de tareas de tamaño 6 fue de vuelta de la base de datos
INFO:root:Lista de tareas de tamaño 6 fue de vuelta de la base de datos
INFO:root:Lista de tareas de tamaño 6 fue de vuelta de la base de datos
INFO:root:Lista de tareas de tamaño 6 fue de vuelta de la base de datos
INFO:root:Lista de tareas de tamaño 6 fue de vuelta de la base de datos
INFO:root:Lista de tareas de tamaño 6 fue de vuelta de la base de datos
INFO:root:Lista de tareas de tamaño 6 fue de vuelta de la base de datos
INFO:root:Lista de tareas de tamaño 6 fue de vuelta de la base de datos
INFO:root:Lista de tareas de tamaño 6 fue de vuelta de la base de datos
INFO:root:Lista de tareas de tamaño 6 fue de vuelta de la base de datos
INFO:root:Lista de tareas de tamaño 6 fue de vuelta de la base de datos
INFO:root:Lista de tareas de tamaño 6 fue de vuelta de la base de datos
INFO:root:Lista de tareas de tamaño 6 fue de vuelta de la base de datos
INFO:root:Lista de tareas de tamaño 6 fue de vuelta de la base de datos
INFO:root:Lista de tareas de tamaño 6 fue de vuelta de la base de datos
INFO:root:Lista de tareas de tamaño 6 fue de vuelta de la base de datos
INFO:root:Lista de tareas de tamaño 6 fue de vuelta de la base de datos
INFO:root:Lista de tareas de tamaño 6 fue de vuelta de la base de datos
INFO:root:Lista de tareas de tamaño 6 fue de vuelta de la base de datos
INFO:root:Lista de tareas de tamaño 6 fue de vuelta de la base de datos
INFO:root:Lista de tareas de tamaño 6 fue de vuelta de la base de datos
INFO:root:Lista de tareas de tamaño 6 fue de vuelta de la base de datos
INFO:root:Lista de tareas de tamaño 6 fue de vuelta de la base de datos
INFO:root:Lista de tareas de tamaño 6 fue de vuelta de la base de datos
INFO:root:Lista de tareas de tamaño 6 fue de vuelta de la base de datos
INFO:root:Lista de tareas de tamaño 6 fue de vuelta de la base de datos
INFO:root:Lista de tareas de tamaño 6 fue de vuelta de la base de datos
INFO:root:Lista de tareas de tamaño 6 fue de vuelta de la base de datos
INFO:root:Lista de tareas de tamaño 6 fue de vuelta de la base de datos
INFO:root:Lista de tareas de tamaño 6 fue de vuelta de la base de datos
INFO:root:Lista de tareas de tamaño 6 fue de vuelta de la base de datos
INFO:root:Lista de tareas de tamaño 6 fue de vuelta de la base de datos
INFO:root:Lista de tareas de tamaño 6 fue de vuelta de la base de datos
INFO:root:Lista de tareas de tamaño 6 fue de vuelta de la base de datos
INFO:root:Lista de tareas de tamaño 6 fue de vuelta de la base de datos
INFO:root:Lista de tareas de tamaño 6 fue de vuelta de la base de datos
INFO:root:Lista de tareas de tamaño 6 fue de vuelta de la base de datos
INFO:root:Atualizada la tarea con id 0
INFO:root:Actualizado el registro con el id 0
INFO:root:Lista de tareas de tamaño 5 fue de vuelta de la base de datos
INFO:root:Lista de tareas de tamaño 5 fue de vuelta de la base de datos
INFO:root:Lista de tareas de tamaño 5 fue de vuelta de la base de datos
INFO:root:Lista de tareas de tamaño 5 fue de vuelta de la base de datos
INFO:root:Lista de tareas de tamaño 5 fue de vuelta de la base de datos
INFO:root:Lista de tareas de tamaño 5 fue de vuelta de la base de datos
INFO:root:Lista de tareas de tamaño 5 fue de vuelta de la base de datos
INFO:root:Atualizada la tarea con id 0
INFO:root:Actualizado el registro con el id 0
INFO:root:Lista de tareas de tamaño 4 fue de vuelta de la base de datos
INFO:root:Lista de tareas de tamaño 4 fue de vuelta de la base de datos
INFO:root:Lista de tareas de tamaño 4 fue de vuelta de la base de datos
INFO:root:Lista de tareas de tamaño 5 fue de vuelta de la base de datos
INFO:root:Lista de tareas de tamaño 5 fue de vuelta de la base de datos
INFO:root:Lista de tareas de tamaño 5 fue de vuelta de la base de datos
INFO:root:Lista de tareas de tamaño 5 fue de vuelta de la base de datos
INFO:root:Creada la tarea con id 47
INFO:root:Agrego el registro con el id 47
INFO:root:Lista de tareas de tamaño 6 fue de vuelta de la base de datos
INFO:root:Lista de tareas de tamaño 6 fue de vuelta de la base de datos
INFO:root:Lista de tareas de tamaño 6 fue de vuelta de la base de datos
INFO:root:Lista de tareas de tamaño 6 fue de vuelta de la base de datos
INFO:root:Lista de tareas de tamaño 6 fue de vuelta de la base de datos
INFO:root:Lista de tareas de tamaño 6 fue de vuelta de la base de datos
INFO:root:Lista de tareas de tamaño 6 fue de vuelta de la base de datos
INFO:root:Lista de tareas de tamaño 6 fue de vuelta de la base de datos
INFO:root:Lista de tareas de tamaño 6 fue de vuelta de la base de datos
INFO:root:Lista de tareas de tamaño 6 fue de vuelta de la base de datos
INFO:root:Lista de tareas de tamaño 6 fue de vuelta de la base de datos
INFO:root:Lista de tareas de tamaño 6 fue de vuelta de la base de datos
INFO:root:Lista de tareas de tamaño 6 fue de vuelta de la base de datos
INFO:root:Lista de tareas de tamaño 6 fue de vuelta de la base de datos
INFO:root:Lista de tareas de tamaño 6 fue de vuelta de la base de datos
INFO:root:Lista de tareas de tamaño 6 fue de vuelta de la base de datos
INFO:root:Lista de tareas de tamaño 6 fue de vuelta de la base de datos
INFO:root:Lista de tareas de tamaño 6 fue de vuelta de la base de datos
INFO:root:Lista de tareas de tamaño 6 fue de vuelta de la base de datos
INFO:root:Lista de tareas de tamaño 6 fue de vuelta de la base de datos
INFO:root:Lista de tareas de tamaño 6 fue de vuelta de la base de datos
INFO:root:Lista de tareas de tamaño 6 fue de vuelta de la base de datos
INFO:root:Lista de tareas de tamaño 6 fue de vuelta de la base de datos
INFO:root:Atualizada la tarea con id 0
INFO:root:Actualizado el registro con el id 0
INFO:root:Lista de tareas de tamaño 5 fue de vuelta de la base de datos
INFO:root:Lista de tareas de tamaño 5 fue de vuelta de la base de datos
INFO:root:Atualizada la tarea con id 0
INFO:root:Actualizado el registro con el id 0
INFO:root:Lista de tareas de tamaño 4 fue de vuelta de la base de datos
INFO:root:Lista de tareas de tamaño 4 fue de vuelta de la base de datos
INFO:root:Lista de tareas de tamaño 4 fue de vuelta de la base de datos
INFO:root:Lista de tareas de tamaño 4 fue de vuelta de la base de datos
INFO:root:Atualizada la tarea con id 0
INFO:root:Actualizado el registro con el id 0
INFO:root:Lista de tareas de tamaño 4 fue de vuelta de la base de datos
INFO:root:Lista de tareas de tamaño 4 fue de vuelta de la base de datos
INFO:root:Lista de tareas de tamaño 4 fue de vuelta de la base de datos
INFO:root:Lista de tareas de tamaño 4 fue de vuelta de la base de datos
INFO:root:Lista de tareas de tamaño 4 fue de vuelta de la base de datos
INFO:root:Lista de tareas de tamaño 4 fue de vuelta de la base de datos
INFO:root:Lista de tareas de tamaño 4 fue de vuelta de la base de datos
INFO:root:Lista de tareas de tamaño 4 fue de vuelta de la base de datos
INFO:root:Lista de tareas de tamaño 4 fue de vuelta de la base de datos
INFO:root:Lista de tareas de tamaño 4 fue de vuelta de la base de datos
INFO:root:Lista de tareas de tamaño 4 fue de vuelta de la base de datos
INFO:root:Lista de tareas de tamaño 4 fue de vuelta de la base de datos
INFO:root:Lista de tareas de tamaño 4 fue de vuelta de la base de datos
INFO:root:Lista de tareas de tamaño 4 fue de vuelta de la base de datos
INFO:root:Lista de tareas de tamaño 4 fue de vuelta de la base de datos
INFO:root:Atualizada la tarea con id 0
INFO:root:Actualizado el registro con el id 0
INFO:root:Lista de tareas de tamaño 4 fue de vuelta de la base de datos
INFO:root:Lista de tareas de tamaño 4 fue de vuelta de la base de datos
INFO:root:Atualizada la tarea con id 0
INFO:root:Actualizado el registro con el id 0
INFO:root:Lista de tareas de tamaño 4 fue de vuelta de la base de datos
INFO:root:Lista de tareas de tamaño 4 fue de vuelta de la base de datos
INFO:root:Atualizada la tarea con id 0
INFO:root:Actualizado el registro con el id 0
INFO:root:Lista de tareas de tamaño 4 fue de vuelta de la base de datos
INFO:root:Lista de tareas de tamaño 4 fue de vuelta de la base de datos
INFO:root:Lista de tareas de tamaño 4 fue de vuelta de la base de datos
INFO:root:Lista de tareas de tamaño 4 fue de vuelta de la base de datos
INFO:root:Atualizada la tarea con id 0
INFO:root:Actualizado el registro con el id 0
INFO:root:Lista de tareas de tamaño 4 fue de vuelta de la base de datos
INFO:root:Lista de tareas de tamaño 4 fue de vuelta de la base de datos
INFO:root:Atualizada la tarea con id 0
INFO:root:Actualizado el registro con el id 0
INFO:root:Lista de tareas de tamaño 4 fue de vuelta de la base de datos
INFO:root:Lista de tareas de tamaño 4 fue de vuelta de la base de datos
INFO:root:Lista de tareas de tamaño 4 fue de vuelta de la base de datos
INFO:root:Lista de tareas de tamaño 4 fue de vuelta de la base de datos
INFO:root:Atualizada la tarea con id 0
INFO:root:Actualizado el registro con el id 0
INFO:root:Lista de tareas de tamaño 4 fue de vuelta de la base de datos
INFO:root:Lista de tareas de tamaño 4 fue de vuelta de la base de datos
INFO:root:Atualizada la tarea con id 0
INFO:root:Actualizado el registro con el id 0
INFO:root:Lista de tareas de tamaño 4 fue de vuelta de la base de datos
INFO:root:Lista de tareas de tamaño 4 fue de vuelta de la base de datos
INFO:root:Lista de tareas de tamaño 4 fue de vuelta de la base de datos
INFO:root:Lista de tareas de tamaño 4 fue de vuelta de la base de datos
INFO:root:Atualizada la tarea con id 0
INFO:root:Actualizado el registro con el id 0
INFO:root:Lista de tareas de tamaño 4 fue de vuelta de la base de datos
INFO:root:Lista de tareas de tamaño 4 fue de vuelta de la base de datos
INFO:root:Lista de tareas de tamaño 4 fue de vuelta de la base de datos
INFO:root:Lista de tareas de tamaño 4 fue de vuelta de la base de datos
INFO:root:Atualizada la tarea con id 0
INFO:root:Actualizado el registro con el id 0
INFO:root:Lista de tareas de tamaño 4 fue de vuelta de la base de datos
INFO:root:Lista de tareas de tamaño 4 fue de vuelta de la base de datos
INFO:root:Atualizada la tarea con id 0
INFO:root:Actualizado el registro con el id 0
INFO:root:Lista de tareas de tamaño 4 fue de vuelta de la base de datos
INFO:root:Lista de tareas de tamaño 4 fue de vuelta de la base de datos
INFO:root:Lista de tareas de tamaño 4 fue de vuelta de la base de datos
INFO:root:Lista de tareas de tamaño 4 fue de vuelta de la base de datos
INFO:root:Atualizada la tarea con id 0
INFO:root:Actualizado el registro con el id 0
INFO:root:Lista de tareas de tamaño 3 fue de vuelta de la base de datos
INFO:root:Lista de tareas de tamaño 3 fue de vuelta de la base de datos
INFO:root:Atualizada la tarea con id 0
INFO:root:Actualizado el registro con el id 0
INFO:root:Lista de tareas de tamaño 3 fue de vuelta de la base de datos
INFO:root:Lista de tareas de tamaño 3 fue de vuelta de la base de datos
INFO:root:Lista de tareas de tamaño 3 fue de vuelta de la base de datos
INFO:root:Lista de tareas de tamaño 3 fue de vuelta de la base de datos
INFO:root:Atualizada la tarea con id 0
INFO:root:Actualizado el registro con el id 0
INFO:root:Lista de tareas de tamaño 2 fue de vuelta de la base de datos
INFO:root:Lista de tareas de tamaño 2 fue de vuelta de la base de datos
INFO:root:Atualizada la tarea con id 0
INFO:root:Actualizado el registro con el id 0
INFO:root:Lista de tareas de tamaño 2 fue de vuelta de la base de datos
INFO:root:Creada la tarea con id 48
INFO:root:Agrego el registro con el id 48
INFO:root:Lista de tareas de tamaño 3 fue de vuelta de la base de datos
INFO:root:Lista de tareas de tamaño 3 fue de vuelta de la base de datos
INFO:root:Atualizada la tarea con id 0
INFO:root:Actualizado el registro con el id 0
INFO:root:Lista de tareas de tamaño 2 fue de vuelta de la base de datos
INFO:root:Lista de tareas de tamaño 2 fue de vuelta de la base de datos
INFO:root:Lista de tareas de tamaño 2 fue de vuelta de la base de datos
INFO:root:Lista de tareas de tamaño 2 fue de vuelta de la base de datos
INFO:root:Atualizada la tarea con id 0
INFO:root:Actualizado el registro con el id 0
INFO:root:Lista de tareas de tamaño 1 fue de vuelta de la base de datos
INFO:root:Creada la tarea con id 49
INFO:root:Agrego el registro con el id 49
INFO:root:Lista de tareas de tamaño 2 fue de vuelta de la base de datos
INFO:root:Creada la tarea con id 50
INFO:root:Agrego el registro con el id 50
INFO:root:Lista de tareas de tamaño 3 fue de vuelta de la base de datos
INFO:root:Lista de tareas de tamaño 3 fue de vuelta de la base de datos
INFO:root:Atualizada la tarea con id 0
INFO:root:Actualizado el registro con el id 0
INFO:root:Lista de tareas de tamaño 2 fue de vuelta de la base de datos
INFO:root:Lista de tareas de tamaño 2 fue de vuelta de la base de datos
INFO:root:Lista de tareas de tamaño 2 fue de vuelta de la base de datos
INFO:root:Creada la tarea con id 51
INFO:root:Agrego el registro con el id 51
INFO:root:Lista de tareas de tamaño 3 fue de vuelta de la base de datos
INFO:root:Creada la tarea con id 52
INFO:root:Agrego el registro con el id 52
INFO:root:Lista de tareas de tamaño 4 fue de vuelta de la base de datos
INFO:root:Lista de tareas de tamaño 4 fue de vuelta de la base de datos
INFO:root:Atualizada la tarea con id 0
INFO:root:Actualizado el registro con el id 0
INFO:root:Lista de tareas de tamaño 3 fue de vuelta de la base de datos
INFO:root:Lista de tareas de tamaño 3 fue de vuelta de la base de datos
INFO:root:Lista de tareas de tamaño 3 fue de vuelta de la base de datos
INFO:root:Lista de tareas de tamaño 3 fue de vuelta de la base de datos
INFO:root:Lista de tareas de tamaño 3 fue de vuelta de la base de datos
INFO:root:Lista de tareas de tamaño 3 fue de vuelta de la base de datos
INFO:root:Lista de tareas de tamaño 3 fue de vuelta de la base de datos
INFO:root:Atualizada la tarea con id 0
INFO:root:Actualizado el registro con el id 0
INFO:root:Lista de tareas de tamaño 2 fue de vuelta de la base de datos
INFO:root:Lista de tareas de tamaño 2 fue de vuelta de la base de datos
INFO:root:Creada la tarea con id 53
INFO:root:Agrego el registro con el id 53
INFO:root:Lista de tareas de tamaño 3 fue de vuelta de la base de datos
INFO:root:Creada la tarea con id 54
INFO:root:Agrego el registro con el id 54
INFO:root:Lista de tareas de tamaño 4 fue de vuelta de la base de datos
INFO:root:Creada la tarea con id 55
INFO:root:Agrego el registro con el id 55
INFO:root:Lista de tareas de tamaño 5 fue de vuelta de la base de datos
INFO:root:Lista de tareas de tamaño 5 fue de vuelta de la base de datos
INFO:root:Atualizada la tarea con id 0
INFO:root:Actualizado el registro con el id 0
INFO:root:Lista de tareas de tamaño 4 fue de vuelta de la base de datos
INFO:root:Lista de tareas de tamaño 4 fue de vuelta de la base de datos
INFO:root:Atualizada la tarea con id 0
INFO:root:Actualizado el registro con el id 0
INFO:root:Lista de tareas de tamaño 3 fue de vuelta de la base de datos
INFO:root:Lista de tareas de tamaño 3 fue de vuelta de la base de datos
INFO:root:Atualizada la tarea con id 0
INFO:root:Actualizado el registro con el id 0
INFO:root:Lista de tareas de tamaño 3 fue de vuelta de la base de datos
INFO:root:Lista de tareas de tamaño 3 fue de vuelta de la base de datos
INFO:root:Lista de tareas de tamaño 3 fue de vuelta de la base de datos
INFO:root:Atualizada la tarea con id 0
INFO:root:Actualizado el registro con el id 0
INFO:root:Lista de tareas de tamaño 3 fue de vuelta de la base de datos
INFO:root:Lista de tareas de tamaño 3 fue de vuelta de la base de datos
INFO:root:Lista de tareas de tamaño 3 fue de vuelta de la base de datos
INFO:root:Lista de tareas de tamaño 3 fue de vuelta de la base de datos
INFO:root:Lista de tareas de tamaño 3 fue de vuelta de la base de datos
INFO:root:Lista de tareas de tamaño 3 fue de vuelta de la base de datos
INFO:root:Lista de tareas de tamaño 3 fue de vuelta de la base de datos
INFO:root:Lista de tareas de tamaño 3 fue de vuelta de la base de datos
INFO:root:Lista de tareas de tamaño 3 fue de vuelta de la base de datos
INFO:root:Lista de tareas de tamaño 3 fue de vuelta de la base de datos
INFO:root:Lista de tareas de tamaño 3 fue de vuelta de la base de datos
INFO:root:Lista de tareas de tamaño 3 fue de vuelta de la base de datos
INFO:root:Lista de tareas de tamaño 3 fue de vuelta de la base de datos
INFO:root:Lista de tareas de tamaño 3 fue de vuelta de la base de datos
INFO:root:Lista de tareas de tamaño 3 fue de vuelta de la base de datos
INFO:root:Lista de tareas de tamaño 3 fue de vuelta de la base de datos
INFO:root:Lista de tareas de tamaño 3 fue de vuelta de la base de datos
INFO:root:Lista de tareas de tamaño 3 fue de vuelta de la base de datos
INFO:root:Lista de tareas de tamaño 3 fue de vuelta de la base de datos
INFO:root:Lista de tareas de tamaño 3 fue de vuelta de la base de datos
INFO:root:Lista de tareas de tamaño 3 fue de vuelta de la base de datos
INFO:root:Lista de tareas de tamaño 3 fue de vuelta de la base de datos
INFO:root:Lista de tareas de tamaño 3 fue de vuelta de la base de datos
INFO:root:Lista de tareas de tamaño 3 fue de vuelta de la base de datos
INFO:root:Lista de tareas de tamaño 3 fue de vuelta de la base de datos
INFO:root:Lista de tareas de tamaño 3 fue de vuelta de la base de datos
INFO:root:Lista de tareas de tamaño 3 fue de vuelta de la base de datos
INFO:root:Lista de tareas de tamaño 3 fue de vuelta de la base de datos
INFO:root:Lista de tareas de tamaño 3 fue de vuelta de la base de datos
INFO:root:Lista de tareas de tamaño 3 fue de vuelta de la base de datos
INFO:root:Lista de tareas de tamaño 3 fue de vuelta de la base de datos
INFO:root:Atualizada la tarea con id 0
INFO:root:Actualizado el registro con el id 0
INFO:root:Lista de tareas de tamaño 3 fue de vuelta de la base de datos
INFO:root:Lista de tareas de tamaño 3 fue de vuelta de la base de datos
INFO:root:Atualizada la tarea con id 0
INFO:root:Actualizado el registro con el id 0
INFO:root:Lista de tareas de tamaño 3 fue de vuelta de la base de datos
INFO:root:Lista de tareas de tamaño 3 fue de vuelta de la base de datos
INFO:root:Lista de tareas de tamaño 3 fue de vuelta de la base de datos
INFO:root:Lista de tareas de tamaño 3 fue de vuelta de la base de datos
INFO:root:Atualizada la tarea con id 0
INFO:root:Actualizado el registro con el id 0
INFO:root:Lista de tareas de tamaño 3 fue de vuelta de la base de datos
INFO:root:Lista de tareas de tamaño 3 fue de vuelta de la base de datos
INFO:root:Lista de tareas de tamaño 3 fue de vuelta de la base de datos
INFO:root:Lista de tareas de tamaño 3 fue de vuelta de la base de datos
INFO:root:Lista de tareas de tamaño 3 fue de vuelta de la base de datos
INFO:root:Lista de tareas de tamaño 3 fue de vuelta de la base de datos
INFO:root:Lista de tareas de tamaño 3 fue de vuelta de la base de datos
INFO:root:Lista de tareas de tamaño 3 fue de vuelta de la base de datos
INFO:root:Atualizada la tarea con id 0
INFO:root:Actualizado el registro con el id 0
INFO:root:Lista de tareas de tamaño 3 fue de vuelta de la base de datos
INFO:root:Lista de tareas de tamaño 3 fue de vuelta de la base de datos
INFO:root:Lista de tareas de tamaño 3 fue de vuelta de la base de datos
INFO:root:Lista de tareas de tamaño 3 fue de vuelta de la base de datos
INFO:root:Lista de tareas de tamaño 3 fue de vuelta de la base de datos
INFO:root:Lista de tareas de tamaño 3 fue de vuelta de la base de datos
INFO:root:Atualizada la tarea con id 0
INFO:root:Actualizado el registro con el id 0
INFO:root:Lista de tareas de tamaño 3 fue de vuelta de la base de datos
INFO:root:Lista de tareas de tamaño 3 fue de vuelta de la base de datos
INFO:root:Atualizada la tarea con id 0
INFO:root:Actualizado el registro con el id 0
INFO:root:Lista de tareas de tamaño 3 fue de vuelta de la base de datos
INFO:root:Lista de tareas de tamaño 3 fue de vuelta de la base de datos
INFO:root:Lista de tareas de tamaño 3 fue de vuelta de la base de datos
INFO:root:Lista de tareas de tamaño 3 fue de vuelta de la base de datos
INFO:root:Lista de tareas de tamaño 3 fue de vuelta de la base de datos
INFO:root:Lista de tareas de tamaño 3 fue de vuelta de la base de datos
INFO:root:Lista de tareas de tamaño 3 fue de vuelta de la base de datos
INFO:root:Lista de tareas de tamaño 3 fue de vuelta de la base de datos
INFO:root:Lista de tareas de tamaño 3 fue de vuelta de la base de datos
INFO:root:Lista de tareas de tamaño 3 fue de vuelta de la base de datos
INFO:root:Lista de tareas de tamaño 3 fue de vuelta de la base de datos
INFO:root:Lista de tareas de tamaño 3 fue de vuelta de la base de datos
INFO:root:Atualizada la tarea con id 0
INFO:root:Actualizado el registro con el id 0
INFO:root:Lista de tareas de tamaño 3 fue de vuelta de la base de datos
INFO:root:Lista de tareas de tamaño 3 fue de vuelta de la base de datos
INFO:root:Lista de tareas de tamaño 3 fue de vuelta de la base de datos
INFO:root:Lista de tareas de tamaño 3 fue de vuelta de la base de datos
INFO:root:Atualizada la tarea con id 0
INFO:root:Actualizado el registro con el id 0
INFO:root:Lista de tareas de tamaño 3 fue de vuelta de la base de datos
INFO:root:Lista de tareas de tamaño 3 fue de vuelta de la base de datos
INFO:root:Lista de tareas de tamaño 3 fue de vuelta de la base de datos
INFO:root:Lista de tareas de tamaño 3 fue de vuelta de la base de datos
INFO:root:Lista de tareas de tamaño 3 fue de vuelta de la base de datos
INFO:root:Lista de tareas de tamaño 3 fue de vuelta de la base de datos
INFO:root:Lista de tareas de tamaño 3 fue de vuelta de la base de datos
INFO:root:Lista de tareas de tamaño 3 fue de vuelta de la base de datos
INFO:root:Lista de tareas de tamaño 3 fue de vuelta de la base de datos
INFO:root:Lista de tareas de tamaño 3 fue de vuelta de la base de datos
INFO:root:Atualizada la tarea con id 0
INFO:root:Actualizado el registro con el id 0
INFO:root:Lista de tareas de tamaño 3 fue de vuelta de la base de datos
INFO:root:Lista de tareas de tamaño 3 fue de vuelta de la base de datos
INFO:root:Atualizada la tarea con id 0
INFO:root:Actualizado el registro con el id 0
INFO:root:Lista de tareas de tamaño 3 fue de vuelta de la base de datos
INFO:root:Lista de tareas de tamaño 3 fue de vuelta de la base de datos
INFO:root:Lista de tareas de tamaño 3 fue de vuelta de la base de datos
INFO:root:Lista de tareas de tamaño 3 fue de vuelta de la base de datos
INFO:root:Atualizada la tarea con id 0
INFO:root:Actualizado el registro con el id 0
INFO:root:Lista de tareas de tamaño 3 fue de vuelta de la base de datos
INFO:root:Lista de tareas de tamaño 3 fue de vuelta de la base de datos
INFO:root:Lista de tareas de tamaño 3 fue de vuelta de la base de datos
INFO:root:Lista de tareas de tamaño 3 fue de vuelta de la base de datos
INFO:root:Lista de tareas de tamaño 3 fue de vuelta de la base de datos
INFO:root:Lista de tareas de tamaño 3 fue de vuelta de la base de datos
INFO:root:Atualizada la tarea con id 0
INFO:root:Actualizado el registro con el id 0
INFO:root:Lista de tareas de tamaño 3 fue de vuelta de la base de datos
INFO:root:Lista de tareas de tamaño 3 fue de vuelta de la base de datos
INFO:root:Lista de tareas de tamaño 3 fue de vuelta de la base de datos
INFO:root:Lista de tareas de tamaño 3 fue de vuelta de la base de datos
INFO:root:Lista de tareas de tamaño 3 fue de vuelta de la base de datos
INFO:root:Lista de tareas de tamaño 3 fue de vuelta de la base de datos
INFO:root:Atualizada la tarea con id 0
INFO:root:Actualizado el registro con el id 0
INFO:root:Lista de tareas de tamaño 3 fue de vuelta de la base de datos
INFO:root:Lista de tareas de tamaño 3 fue de vuelta de la base de datos
INFO:root:Atualizada la tarea con id 0
INFO:root:Actualizado el registro con el id 0
INFO:root:Lista de tareas de tamaño 2 fue de vuelta de la base de datos
INFO:root:Creada la tarea con id 56
INFO:root:Agrego el registro con el id 56
INFO:root:Lista de tareas de tamaño 3 fue de vuelta de la base de datos
INFO:root:Creada la tarea con id 57
INFO:root:Agrego el registro con el id 57
INFO:root:Lista de tareas de tamaño 4 fue de vuelta de la base de datos
INFO:root:Creada la tarea con id 58
INFO:root:Agrego el registro con el id 58
INFO:root:Lista de tareas de tamaño 5 fue de vuelta de la base de datos
INFO:root:Lista de tareas de tamaño 5 fue de vuelta de la base de datos
INFO:root:Lista de tareas de tamaño 5 fue de vuelta de la base de datos
INFO:root:Lista de tareas de tamaño 5 fue de vuelta de la base de datos
INFO:root:Atualizada la tarea con id 0
INFO:root:Actualizado el registro con el id 0
INFO:root:Lista de tareas de tamaño 5 fue de vuelta de la base de datos
INFO:root:Lista de tareas de tamaño 5 fue de vuelta de la base de datos
INFO:root:Lista de tareas de tamaño 5 fue de vuelta de la base de datos
INFO:root:Lista de tareas de tamaño 5 fue de vuelta de la base de datos
INFO:root:Atualizada la tarea con id 0
INFO:root:Actualizado el registro con el id 0
INFO:root:Lista de tareas de tamaño 5 fue de vuelta de la base de datos
INFO:root:Lista de tareas de tamaño 5 fue de vuelta de la base de datos
INFO:root:Atualizada la tarea con id 0
INFO:root:Actualizado el registro con el id 0
INFO:root:Lista de tareas de tamaño 5 fue de vuelta de la base de datos
INFO:root:Lista de tareas de tamaño 5 fue de vuelta de la base de datos
INFO:root:Atualizada la tarea con id 0
INFO:root:Actualizado el registro con el id 0
INFO:root:Lista de tareas de tamaño 5 fue de vuelta de la base de datos
INFO:root:Lista de tareas de tamaño 5 fue de vuelta de la base de datos
INFO:root:Lista de tareas de tamaño 5 fue de vuelta de la base de datos
INFO:root:Creada la tarea con id 59
INFO:root:Agrego el registro con el id 59
INFO:root:Lista de tareas de tamaño 6 fue de vuelta de la base de datos
INFO:root:Lista de tareas de tamaño 6 fue de vuelta de la base de datos
INFO:root:Lista de tareas de tamaño 6 fue de vuelta de la base de datos
INFO:root:Lista de tareas de tamaño 6 fue de vuelta de la base de datos
INFO:root:Atualizada la tarea con id 0
INFO:root:Actualizado el registro con el id 0
INFO:root:Lista de tareas de tamaño 6 fue de vuelta de la base de datos
INFO:root:Lista de tareas de tamaño 6 fue de vuelta de la base de datos
INFO:root:Lista de tareas de tamaño 6 fue de vuelta de la base de datos
INFO:root:Lista de tareas de tamaño 6 fue de vuelta de la base de datos
INFO:root:Atualizada la tarea con id 0
INFO:root:Actualizado el registro con el id 0
INFO:root:Lista de tareas de tamaño 6 fue de vuelta de la base de datos
INFO:root:Lista de tareas de tamaño 6 fue de vuelta de la base de datos
INFO:root:Lista de tareas de tamaño 6 fue de vuelta de la base de datos
INFO:root:Lista de tareas de tamaño 6 fue de vuelta de la base de datos
INFO:root:Atualizada la tarea con id 0
INFO:root:Actualizado el registro con el id 0
INFO:root:Lista de tareas de tamaño 6 fue de vuelta de la base de datos
INFO:root:Lista de tareas de tamaño 6 fue de vuelta de la base de datos
INFO:root:Lista de tareas de tamaño 6 fue de vuelta de la base de datos
INFO:root:Lista de tareas de tamaño 6 fue de vuelta de la base de datos
INFO:root:Atualizada la tarea con id 0
INFO:root:Actualizado el registro con el id 0
INFO:root:Lista de tareas de tamaño 6 fue de vuelta de la base de datos
INFO:root:Lista de tareas de tamaño 6 fue de vuelta de la base de datos
INFO:root:Lista de tareas de tamaño 6 fue de vuelta de la base de datos
INFO:root:Lista de tareas de tamaño 6 fue de vuelta de la base de datos
INFO:root:Lista de tareas de tamaño 6 fue de vuelta de la base de datos
INFO:root:Lista de tareas de tamaño 6 fue de vuelta de la base de datos
INFO:root:Atualizada la tarea con id 0
INFO:root:Actualizado el registro con el id 0
INFO:root:Lista de tareas de tamaño 6 fue de vuelta de la base de datos
INFO:root:Lista de tareas de tamaño 6 fue de vuelta de la base de datos
INFO:root:Atualizada la tarea con id 0
INFO:root:Actualizado el registro con el id 0
INFO:root:Lista de tareas de tamaño 6 fue de vuelta de la base de datos
INFO:root:Lista de tareas de tamaño 6 fue de vuelta de la base de datos
INFO:root:Lista de tareas de tamaño 6 fue de vuelta de la base de datos
INFO:root:Lista de tareas de tamaño 6 fue de vuelta de la base de datos
INFO:root:Lista de tareas de tamaño 6 fue de vuelta de la base de datos
INFO:root:Lista de tareas de tamaño 6 fue de vuelta de la base de datos
INFO:root:Atualizada la tarea con id 0
INFO:root:Actualizado el registro con el id 0
INFO:root:Lista de tareas de tamaño 6 fue de vuelta de la base de datos
INFO:root:Lista de tareas de tamaño 6 fue de vuelta de la base de datos
INFO:root:Atualizada la tarea con id 0
INFO:root:Actualizado el registro con el id 0
INFO:root:Lista de tareas de tamaño 6 fue de vuelta de la base de datos
INFO:root:Lista de tareas de tamaño 6 fue de vuelta de la base de datos
INFO:root:Lista de tareas de tamaño 6 fue de vuelta de la base de datos
INFO:root:Lista de tareas de tamaño 6 fue de vuelta de la base de datos
INFO:root:Lista de tareas de tamaño 6 fue de vuelta de la base de datos
INFO:root:Lista de tareas de tamaño 6 fue de vuelta de la base de datos
INFO:root:Atualizada la tarea con id 0
INFO:root:Actualizado el registro con el id 0
INFO:root:Lista de tareas de tamaño 6 fue de vuelta de la base de datos
INFO:root:Lista de tareas de tamaño 6 fue de vuelta de la base de datos
INFO:root:Atualizada la tarea con id 0
INFO:root:Actualizado el registro con el id 0
INFO:root:Lista de tareas de tamaño 6 fue de vuelta de la base de datos
INFO:root:Lista de tareas de tamaño 6 fue de vuelta de la base de datos
INFO:root:Lista de tareas de tamaño 6 fue de vuelta de la base de datos
INFO:root:Lista de tareas de tamaño 6 fue de vuelta de la base de datos
INFO:root:Atualizada la tarea con id 0
INFO:root:Actualizado el registro con el id 0
INFO:root:Lista de tareas de tamaño 6 fue de vuelta de la base de datos
INFO:root:Lista de tareas de tamaño 6 fue de vuelta de la base de datos
INFO:root:Atualizada la tarea con id 0
INFO:root:Actualizado el registro con el id 0
INFO:root:Lista de tareas de tamaño 6 fue de vuelta de la base de datos
INFO:root:Lista de tareas de tamaño 6 fue de vuelta de la base de datos
INFO:root:Lista de tareas de tamaño 6 fue de vuelta de la base de datos
INFO:root:Lista de tareas de tamaño 6 fue de vuelta de la base de datos
INFO:root:Atualizada la tarea con id 0
INFO:root:Actualizado el registro con el id 0
INFO:root:Lista de tareas de tamaño 6 fue de vuelta de la base de datos
INFO:root:Lista de tareas de tamaño 6 fue de vuelta de la base de datos
INFO:root:Lista de tareas de tamaño 6 fue de vuelta de la base de datos
INFO:root:Lista de tareas de tamaño 6 fue de vuelta de la base de datos
INFO:root:Atualizada la tarea con id 0
INFO:root:Actualizado el registro con el id 0
INFO:root:Lista de tareas de tamaño 5 fue de vuelta de la base de datos
INFO:root:Lista de tareas de tamaño 5 fue de vuelta de la base de datos
INFO:root:Atualizada la tarea con id 0
INFO:root:Actualizado el registro con el id 0
INFO:root:Lista de tareas de tamaño 4 fue de vuelta de la base de datos
INFO:root:Lista de tareas de tamaño 4 fue de vuelta de la base de datos
INFO:root:Lista de tareas de tamaño 4 fue de vuelta de la base de datos
INFO:root:Creada la tarea con id 60
INFO:root:Agrego el registro con el id 60
INFO:root:Lista de tareas de tamaño 5 fue de vuelta de la base de datos
INFO:root:Lista de tareas de tamaño 5 fue de vuelta de la base de datos
INFO:root:Lista de tareas de tamaño 5 fue de vuelta de la base de datos
INFO:root:Creada la tarea con id 61
INFO:root:Agrego el registro con el id 61
INFO:root:Lista de tareas de tamaño 6 fue de vuelta de la base de datos
INFO:root:Lista de tareas de tamaño 6 fue de vuelta de la base de datos
INFO:root:Atualizada la tarea con id 0
INFO:root:Actualizado el registro con el id 0
INFO:root:Lista de tareas de tamaño 5 fue de vuelta de la base de datos
INFO:root:Lista de tareas de tamaño 5 fue de vuelta de la base de datos
INFO:root:Atualizada la tarea con id 0
INFO:root:Actualizado el registro con el id 0
INFO:root:Lista de tareas de tamaño 5 fue de vuelta de la base de datos
INFO:root:Lista de tareas de tamaño 5 fue de vuelta de la base de datos
INFO:root:Lista de tareas de tamaño 5 fue de vuelta de la base de datos
INFO:root:Lista de tareas de tamaño 5 fue de vuelta de la base de datos
INFO:root:Atualizada la tarea con id 0
INFO:root:Actualizado el registro con el id 0
INFO:root:Lista de tareas de tamaño 4 fue de vuelta de la base de datos
INFO:root:Lista de tareas de tamaño 4 fue de vuelta de la base de datos
INFO:root:Lista de tareas de tamaño 4 fue de vuelta de la base de datos
INFO:root:Lista de tareas de tamaño 4 fue de vuelta de la base de datos
INFO:root:Atualizada la tarea con id 0
INFO:root:Actualizado el registro con el id 0
INFO:root:Lista de tareas de tamaño 4 fue de vuelta de la base de datos
INFO:root:Lista de tareas de tamaño 4 fue de vuelta de la base de datos
INFO:root:Lista de tareas de tamaño 4 fue de vuelta de la base de datos
INFO:root:Lista de tareas de tamaño 4 fue de vuelta de la base de datos
INFO:root:Atualizada la tarea con id 0
INFO:root:Actualizado el registro con el id 0
INFO:root:Lista de tareas de tamaño 4 fue de vuelta de la base de datos
INFO:root:Lista de tareas de tamaño 4 fue de vuelta de la base de datos
INFO:root:Atualizada la tarea con id 0
INFO:root:Actualizado el registro con el id 0
INFO:root:Lista de tareas de tamaño 3 fue de vuelta de la base de datos
INFO:root:Lista de tareas de tamaño 3 fue de vuelta de la base de datos
INFO:root:Lista de tareas de tamaño 3 fue de vuelta de la base de datos
INFO:root:Lista de tareas de tamaño 3 fue de vuelta de la base de datos
INFO:root:Atualizada la tarea con id 0
INFO:root:Actualizado el registro con el id 0
INFO:root:Lista de tareas de tamaño 2 fue de vuelta de la base de datos
INFO:root:Lista de tareas de tamaño 2 fue de vuelta de la base de datos
INFO:root:Lista de tareas de tamaño 2 fue de vuelta de la base de datos
INFO:root:Lista de tareas de tamaño 2 fue de vuelta de la base de datos
INFO:root:Lista de tareas de tamaño 2 fue de vuelta de la base de datos
INFO:root:Lista de tareas de tamaño 2 fue de vuelta de la base de datos
INFO:root:Lista de tareas de tamaño 2 fue de vuelta de la base de datos
INFO:root:Creada la tarea con id 62
INFO:root:Agrego el registro con el id 62
INFO:root:Lista de tareas de tamaño 3 fue de vuelta de la base de datos
INFO:root:Creada la tarea con id 63
INFO:root:Agrego el registro con el id 63
INFO:root:Lista de tareas de tamaño 4 fue de vuelta de la base de datos
INFO:root:Lista de tareas de tamaño 4 fue de vuelta de la base de datos
INFO:root:Atualizada la tarea con id 0
INFO:root:Actualizado el registro con el id 0
INFO:root:Lista de tareas de tamaño 4 fue de vuelta de la base de datos
INFO:root:Lista de tareas de tamaño 4 fue de vuelta de la base de datos
INFO:root:Atualizada la tarea con id 0
INFO:root:Actualizado el registro con el id 0
INFO:root:Lista de tareas de tamaño 4 fue de vuelta de la base de datos
INFO:root:Lista de tareas de tamaño 4 fue de vuelta de la base de datos
INFO:root:Lista de tareas de tamaño 4 fue de vuelta de la base de datos
INFO:root:Lista de tareas de tamaño 4 fue de vuelta de la base de datos
INFO:root:Atualizada la tarea con id 0
INFO:root:Actualizado el registro con el id 0
INFO:root:Lista de tareas de tamaño 4 fue de vuelta de la base de datos
INFO:root:Lista de tareas de tamaño 4 fue de vuelta de la base de datos
INFO:root:Atualizada la tarea con id 0
INFO:root:Actualizado el registro con el id 0
INFO:root:Lista de tareas de tamaño 3 fue de vuelta de la base de datos
INFO:root:Lista de tareas de tamaño 3 fue de vuelta de la base de datos
INFO:root:Lista de tareas de tamaño 3 fue de vuelta de la base de datos
INFO:root:Creada la tarea con id 64
INFO:root:Agrego el registro con el id 64
INFO:root:Lista de tareas de tamaño 4 fue de vuelta de la base de datos
INFO:root:Lista de tareas de tamaño 4 fue de vuelta de la base de datos
INFO:root:Atualizada la tarea con id 0
INFO:root:Actualizado el registro con el id 0
INFO:root:Lista de tareas de tamaño 4 fue de vuelta de la base de datos
INFO:root:Lista de tareas de tamaño 4 fue de vuelta de la base de datos
INFO:root:Atualizada la tarea con id 0
INFO:root:Actualizado el registro con el id 0
INFO:root:Lista de tareas de tamaño 3 fue de vuelta de la base de datos
INFO:root:Lista de tareas de tamaño 3 fue de vuelta de la base de datos
INFO:root:Lista de tareas de tamaño 3 fue de vuelta de la base de datos
INFO:root:Creada la tarea con id 65
INFO:root:Agrego el registro con el id 65
INFO:root:Lista de tareas de tamaño 4 fue de vuelta de la base de datos
INFO:root:Lista de tareas de tamaño 4 fue de vuelta de la base de datos
INFO:root:Atualizada la tarea con id 0
INFO:root:Actualizado el registro con el id 0
INFO:root:Lista de tareas de tamaño 4 fue de vuelta de la base de datos
INFO:root:Lista de tareas de tamaño 4 fue de vuelta de la base de datos
INFO:root:Atualizada la tarea con id 0
INFO:root:Actualizado el registro con el id 0
INFO:root:Lista de tareas de tamaño 3 fue de vuelta de la base de datos
INFO:root:Lista de tareas de tamaño 3 fue de vuelta de la base de datos
INFO:root:Lista de tareas de tamaño 3 fue de vuelta de la base de datos
INFO:root:Creada la tarea con id 66
INFO:root:Agrego el registro con el id 66
INFO:root:Lista de tareas de tamaño 4 fue de vuelta de la base de datos
INFO:root:Creada la tarea con id 67
INFO:root:Agrego el registro con el id 67
INFO:root:Lista de tareas de tamaño 5 fue de vuelta de la base de datos
INFO:root:Lista de tareas de tamaño 5 fue de vuelta de la base de datos
INFO:root:Atualizada la tarea con id 0
INFO:root:Actualizado el registro con el id 0
INFO:root:Lista de tareas de tamaño 4 fue de vuelta de la base de datos
INFO:root:Lista de tareas de tamaño 4 fue de vuelta de la base de datos
INFO:root:Atualizada la tarea con id 0
INFO:root:Actualizado el registro con el id 0
INFO:root:Lista de tareas de tamaño 4 fue de vuelta de la base de datos
INFO:root:Lista de tareas de tamaño 4 fue de vuelta de la base de datos
INFO:root:Lista de tareas de tamaño 4 fue de vuelta de la base de datos
INFO:root:Lista de tareas de tamaño 4 fue de vuelta de la base de datos
INFO:root:Lista de tareas de tamaño 4 fue de vuelta de la base de datos
INFO:root:Lista de tareas de tamaño 4 fue de vuelta de la base de datos
INFO:root:Lista de tareas de tamaño 4 fue de vuelta de la base de datos
INFO:root:Creada la tarea con id 68
INFO:root:Agrego el registro con el id 68
INFO:root:Lista de tareas de tamaño 5 fue de vuelta de la base de datos
INFO:root:Lista de tareas de tamaño 5 fue de vuelta de la base de datos
INFO:root:Atualizada la tarea con id 0
INFO:root:Actualizado el registro con el id 0
INFO:root:Lista de tareas de tamaño 5 fue de vuelta de la base de datos
INFO:root:Lista de tareas de tamaño 5 fue de vuelta de la base de datos
INFO:root:Atualizada la tarea con id 0
INFO:root:Actualizado el registro con el id 0
INFO:root:Lista de tareas de tamaño 4 fue de vuelta de la base de datos
INFO:root:Lista de tareas de tamaño 4 fue de vuelta de la base de datos
INFO:root:Lista de tareas de tamaño 4 fue de vuelta de la base de datos
INFO:root:Creada la tarea con id 69
INFO:root:Agrego el registro con el id 69
INFO:root:Lista de tareas de tamaño 5 fue de vuelta de la base de datos
INFO:root:Lista de tareas de tamaño 5 fue de vuelta de la base de datos
INFO:root:Atualizada la tarea con id 0
INFO:root:Actualizado el registro con el id 0
INFO:root:Lista de tareas de tamaño 4 fue de vuelta de la base de datos
INFO:root:Lista de tareas de tamaño 4 fue de vuelta de la base de datos
INFO:root:Lista de tareas de tamaño 4 fue de vuelta de la base de datos
INFO:root:Lista de tareas de tamaño 4 fue de vuelta de la base de datos
INFO:root:Lista de tareas de tamaño 4 fue de vuelta de la base de datos
INFO:root:Lista de tareas de tamaño 4 fue de vuelta de la base de datos
INFO:root:Lista de tareas de tamaño 4 fue de vuelta de la base de datos
INFO:root:Lista de tareas de tamaño 4 fue de vuelta de la base de datos
INFO:root:Lista de tareas de tamaño 4 fue de vuelta de la base de datos
INFO:root:Lista de tareas de tamaño 4 fue de vuelta de la base de datos
INFO:root:Lista de tareas de tamaño 4 fue de vuelta de la base de datos
INFO:root:Lista de tareas de tamaño 4 fue de vuelta de la base de datos
INFO:root:Lista de tareas de tamaño 4 fue de vuelta de la base de datos
INFO:root:Lista de tareas de tamaño 4 fue de vuelta de la base de datos
INFO:root:Lista de tareas de tamaño 4 fue de vuelta de la base de datos
INFO:root:Lista de tareas de tamaño 4 fue de vuelta de la base de datos
INFO:root:Lista de tareas de tamaño 4 fue de vuelta de la base de datos
INFO:root:Lista de tareas de tamaño 4 fue de vuelta de la base de datos
INFO:root:Lista de tareas de tamaño 4 fue de vuelta de la base de datos
INFO:root:Lista de tareas de tamaño 4 fue de vuelta de la base de datos
INFO:root:Lista de tareas de tamaño 4 fue de vuelta de la base de datos
